\BOOKMARK [1][-]{section.1}{\376\377\137\025\212\000}{}% 1
\BOOKMARK [1][-]{section.2}{\376\377\166\370\121\163\135\345\117\134}{}% 2
\BOOKMARK [2][-]{subsection.2.1}{\376\377\227\142\124\021\165\065\122\233\174\373\176\337\166\204\000L\000L\000M\146\172\200\375\117\123}{section.2}% 3
\BOOKMARK [2][-]{subsection.2.2}{\376\377\165\065\122\233\174\373\176\337\214\003\136\246\145\271\154\325}{section.2}% 4
\BOOKMARK [2][-]{subsection.2.3}{\376\377\131\032\146\172\200\375\117\123\137\072\123\026\133\146\116\140}{section.2}% 5
\BOOKMARK [1][-]{section.3}{\376\377\174\373\176\337\213\276\213\241}{}% 6
\BOOKMARK [2][-]{subsection.3.1}{\376\377\140\073\117\123\147\266\147\204}{section.3}% 7
\BOOKMARK [2][-]{subsection.3.2}{\376\377\211\304\122\022\000A\000g\000e\000n\000t\377\032\145\345\122\115\213\241\122\022\165\037\142\020}{section.3}% 8
\BOOKMARK [2][-]{subsection.3.3}{\376\377\232\214\213\301\000A\000g\000e\000n\000t\377\032\154\231\173\261\123\026\000N\000-\0001\133\211\121\150\213\304\117\060}{section.3}% 9
\BOOKMARK [2][-]{subsection.3.4}{\376\377\123\132\137\010\000A\000g\000e\000n\000t\377\032\127\372\116\216\000M\000A\000T\000D\0003\166\204\131\032\000V\000P\000P\123\117\214\003}{section.3}% 10
\BOOKMARK [3][-]{subsubsection.3.4.1}{\376\377\225\356\230\230\136\372\152\041}{subsection.3.4}% 11
\BOOKMARK [3][-]{subsubsection.3.4.2}{\376\377\000M\000A\000T\000D\0003\213\255\176\303}{subsection.3.4}% 12
\BOOKMARK [3][-]{subsubsection.3.4.3}{\376\377\176\263\116\300\127\107\210\141\145\066\145\133\140\047}{subsection.3.4}% 13
\BOOKMARK [2][-]{subsection.3.5}{\376\377\122\006\147\220\000A\000g\000e\000n\000t\377\032\140\001\122\277\141\037\167\345\116\016\137\002\136\070\150\300\155\113}{section.3}% 14
\BOOKMARK [1][-]{section.4}{\376\377\133\236\232\214}{}% 15
\BOOKMARK [2][-]{subsection.4.1}{\376\377\133\236\232\214\213\276\177\156}{section.4}% 16
\BOOKMARK [2][-]{subsection.4.2}{\376\377\213\304\116\367\143\007\150\007}{section.4}% 17
\BOOKMARK [2][-]{subsection.4.3}{\376\377\145\345\122\115\214\003\136\246\176\323\147\234}{section.4}% 18
\BOOKMARK [2][-]{subsection.4.4}{\376\377\133\236\145\366\121\215\214\003\136\246\176\323\147\234}{section.4}% 19
\BOOKMARK [2][-]{subsection.4.5}{\376\377\000C\000I\000G\000R\000E\221\115\165\065\177\121\176\323\147\234}{section.4}% 20
\BOOKMARK [1][-]{section.5}{\376\377\155\210\207\215\133\236\232\214}{}% 21
\BOOKMARK [1][-]{section.6}{\376\377\213\250\213\272}{}% 22
\BOOKMARK [2][-]{subsection.6.1}{\376\377\121\163\225\056\123\321\163\260}{section.6}% 23
\BOOKMARK [2][-]{subsection.6.2}{\376\377\134\100\226\120\140\047}{section.6}% 24
\BOOKMARK [2][-]{subsection.6.3}{\376\377\147\052\147\145\135\345\117\134}{section.6}% 25
\BOOKMARK [1][-]{section.7}{\376\377\176\323\213\272}{}% 26
\BOOKMARK [1][-]{section*.7}{\376\377\123\302\200\003\145\207\163\056}{}% 27
